{
  "stats": {
    "suites": 1,
    "tests": 2,
    "passes": 2,
    "pending": 0,
    "failures": 0,
    "start": "2026-04-14T23:30:23.254Z",
    "end": "2026-04-14T23:30:28.097Z",
    "duration": 4843,
    "testsRegistered": 2,
    "passPercent": 100,
    "pendingPercent": 0,
    "other": 0,
    "hasOther": false,
    "skipped": 0,
    "hasSkipped": false
  },
  "results": [
    {
      "uuid": "1f8ce4cb-641e-48d9-823f-ded594016f1f",
      "title": "",
      "fullFile": "cypress\\e2e\\SauceDemoTests\\login.cy.js",
      "file": "cypress\\e2e\\SauceDemoTests\\login.cy.js",
      "beforeHooks": [],
      "afterHooks": [],
      "tests": [],
      "suites": [
        {
          "uuid": "359a9fde-8920-48a2-a991-18048b614dba",
          "title": "Validate login",
          "fullFile": "",
          "file": "",
          "beforeHooks": [],
          "afterHooks": [],
          "tests": [
            {
              "title": "valid login",
              "fullTitle": "Validate login valid login",
              "timedOut": null,
              "duration": 3072,
              "state": "passed",
              "speed": "fast",
              "pass": true,
              "fail": false,
              "pending": false,
              "context": null,
              "code": "loginPage.enterUsername('standard_user');\nloginPage.enterPassword('secret_sauce');\nloginPage.clickLoginButton();\nproductsPage.cartButtonExists();",
              "err": {},
              "uuid": "0be23718-7b85-4b2c-9287-b0686c87bb77",
              "parentUUID": "359a9fde-8920-48a2-a991-18048b614dba",
              "isHook": false,
              "skipped": false
            },
            {
              "title": "Invalid login credentials",
              "fullTitle": "Validate login Invalid login credentials",
              "timedOut": null,
              "duration": 1606,
              "state": "passed",
              "speed": "fast",
              "pass": true,
              "fail": false,
              "pending": false,
              "context": null,
              "code": "// cy.visit('https://www.saucedemo.com/');\n// loginPage.enterUsername('standard_user');\n// loginPage.enterPassword('secret_sauce_gresita');\n// loginPage.clickLoginButton();\ncy.loginToSauceDemo('standard_user', 'secret_sauce_gresita');\nloginPage.errorMessageExists();",
              "err": {},
              "uuid": "06428ba2-480c-42e5-a470-d79fc794b8dc",
              "parentUUID": "359a9fde-8920-48a2-a991-18048b614dba",
              "isHook": false,
              "skipped": false
            }
          ],
          "suites": [],
          "passes": [
            "0be23718-7b85-4b2c-9287-b0686c87bb77",
            "06428ba2-480c-42e5-a470-d79fc794b8dc"
          ],
          "failures": [],
          "pending": [],
          "skipped": [],
          "duration": 4678,
          "root": false,
          "rootEmpty": false,
          "_timeout": 2000
        }
      ],
      "passes": [],
      "failures": [],
      "pending": [],
      "skipped": [],
      "duration": 0,
      "root": true,
      "rootEmpty": true,
      "_timeout": 2000
    }
  ],
  "meta": {
    "mocha": {
      "version": "7.2.0"
    },
    "mochawesome": {
      "options": {
        "quiet": false,
        "reportFilename": "report-[name]-[datetime]",
        "saveHtml": true,
        "saveJson": true,
        "consoleReporter": "spec",
        "useInlineDiffs": false,
        "code": true
      },
      "version": "7.1.4"
    },
    "marge": {
      "options": {
        "reportDir": "cypress/reports",
        "overwrite": true,
        "html": true,
        "json": true,
        "reportFilename": "report-[name]-[datetime]",
        "timestamp": "mmddyyyy_HHMMss",
        "charts": true,
        "embeddedScreenshots": true
      },
      "version": "6.3.2"
    }
  }
}