{
  "stats": {
    "suites": 1,
    "tests": 1,
    "passes": 0,
    "pending": 0,
    "failures": 1,
    "start": "2026-04-14T23:30:30.548Z",
    "end": "2026-04-14T23:30:36.745Z",
    "duration": 6197,
    "testsRegistered": 1,
    "passPercent": 0,
    "pendingPercent": 0,
    "other": 0,
    "hasOther": false,
    "skipped": 0,
    "hasSkipped": false
  },
  "results": [
    {
      "uuid": "17e71ed0-ff92-4ad6-b5d8-78f9ba21dcee",
      "title": "",
      "fullFile": "cypress\\e2e\\SauceDemoTests\\products.cy.js",
      "file": "cypress\\e2e\\SauceDemoTests\\products.cy.js",
      "beforeHooks": [],
      "afterHooks": [],
      "tests": [],
      "suites": [
        {
          "uuid": "04befed3-cf5c-434c-b418-7753007761e8",
          "title": "add item to cart",
          "fullFile": "",
          "file": "",
          "beforeHooks": [],
          "afterHooks": [],
          "tests": [
            {
              "title": "add item to cart",
              "fullTitle": "add item to cart add item to cart",
              "timedOut": null,
              "duration": 6122,
              "state": "failed",
              "speed": null,
              "pass": false,
              "fail": true,
              "pending": false,
              "context": null,
              "code": "cy.loginToSauceDemo('standard_user', 'secret_sauce');\nproductsPage.addBackPackToCart();\nproductsPage.verifyBackPackRemoveButtonAppears();\nproductsPage.elements.cartBadge().should('have.text', '2');",
              "err": {
                "message": "AssertionError: Timed out retrying after 4000ms: expected '<span.shopping_cart_badge>' to have text '2', but the text was '1'",
                "estack": "AssertionError: Timed out retrying after 4000ms: expected '<span.shopping_cart_badge>' to have text '2', but the text was '1'\n    at Context.eval (webpack://frameworkcypress/./cypress/e2e/SauceDemoTests/products.cy.js:22:42)",
                "diff": "- '1'\n+ '2'\n"
              },
              "uuid": "f4005b9f-f17d-489c-9026-8d143c0b031d",
              "parentUUID": "04befed3-cf5c-434c-b418-7753007761e8",
              "isHook": false,
              "skipped": false
            }
          ],
          "suites": [],
          "passes": [],
          "failures": [
            "f4005b9f-f17d-489c-9026-8d143c0b031d"
          ],
          "pending": [],
          "skipped": [],
          "duration": 6122,
          "root": false,
          "rootEmpty": false,
          "_timeout": 2000
        }
      ],
      "passes": [],
      "failures": [],
      "pending": [],
      "skipped": [],
      "duration": 0,
      "root": true,
      "rootEmpty": true,
      "_timeout": 2000
    }
  ],
  "meta": {
    "mocha": {
      "version": "7.2.0"
    },
    "mochawesome": {
      "options": {
        "quiet": false,
        "reportFilename": "report-[name]-[datetime]",
        "saveHtml": true,
        "saveJson": true,
        "consoleReporter": "spec",
        "useInlineDiffs": false,
        "code": true
      },
      "version": "7.1.4"
    },
    "marge": {
      "options": {
        "reportDir": "cypress/reports",
        "overwrite": true,
        "html": true,
        "json": true,
        "reportFilename": "report-[name]-[datetime]",
        "timestamp": "mmddyyyy_HHMMss",
        "charts": true,
        "embeddedScreenshots": true
      },
      "version": "6.3.2"
    }
  }
}